<?xml version="1.0" encoding="UTF-8"?>
<testng-results ignored="0" total="1" passed="1" failed="0" skipped="0">
  <reporter-output>
  </reporter-output>
  <suite started-at="2021-02-19T13:15:35 MST" name="Default suite" finished-at="2021-02-19T13:15:38 MST" duration-ms="2764">
    <groups>
    </groups>
    <test started-at="2021-02-19T13:15:35 MST" name="Default test" finished-at="2021-02-19T13:15:38 MST" duration-ms="2764">
      <class name="tests.get">
        <test-method signature="testGet()[pri:0, instance:tests.get@7ed7259e]" started-at="2021-02-19T13:15:35 MST" name="testGet" finished-at="2021-02-19T13:15:38 MST" duration-ms="2711" status="PASS">
          <reporter-output>
          </reporter-output>
        </test-method> <!-- testGet -->
      </class> <!-- tests.get -->
    </test> <!-- Default test -->
  </suite> <!-- Default suite -->
</testng-results>
